12 [140210091689856] INFO perfrun.launcher <> - Launcher main begin
14 [140210091689856] INFO perfrun.launcher <> - MessageCatalogInit finished
18 [140210091689856] INFO perfrun.launcher <> - Launcher instance created
18 [140210091689856] INFO perfrun.launcher <> - argc = 7; cmdline = /opt/intel/advisor_2020.3.0.607294/bin64/advixe-runss --ui-output-format xml --ui-output-fd 96 --option-file /home/djv78/Documents/GitHub/CS374Work/lab5/lab5/e000/hs000/config/runss.options 
24 [140210091689856] INFO perfrun.launcher <> - plugin remoteplug has been added successfully
25 [140210091689856] INFO perfrun.launcher <> - plugin system has been added successfully
25 [140210091689856] INFO perfrun.launcher <> - plugin vdso has been added successfully
25 [140210091689856] INFO perfrun.launcher <> - plugin itt has been added successfully
25 [140210091689856] INFO perfrun.launcher <> - plugin  has been added successfully
25 [140210091689856] INFO perfrun.launcher <> - plugin gpu has been added successfully
25 [140210091689856] INFO perfrun.launcher <> - plugin  has been added successfully
25 [140210091689856] INFO perfrun.launcher <> - plugin  has been added successfully
25 [140210091689856] INFO perfrun.launcher <> - plugin  has been added successfully
26 [140210091689856] INFO perfrun.launcher <> - plugin mrte has been added successfully
26 [140210091689856] INFO perfrun.launcher <> - plugin  has been added successfully
26 [140210091689856] INFO perfrun.launcher <> - plugin  has been added successfully
26 [140210091689856] INFO perfrun.launcher <> - plugin  has been added successfully
45 [140210091689856] INFO perfrun.launcher <> - plugin  has been added successfully
45 [140210091689856] INFO perfrun.launcher <> - plugin  has been added successfully
45 [140210091689856] INFO perfrun.launcher <> - plugin  has been added successfully
45 [140210091689856] INFO perfrun.launcher <> - plugin  has been added successfully
45 [140210091689856] INFO perfrun.launcher <> - plugin tpss has been added successfully
45 [140210091689856] INFO perfrun.launcher <> - plugin  has been added successfully
45 [140210091689856] INFO perfrun.launcher <> - plugin  has been added successfully
45 [140210091689856] INFO perfrun.launcher <> - plugin  has been added successfully
45 [140210091689856] INFO perfrun.launcher <> - plugin  has been added successfully
45 [140210091689856] INFO perfrun.launcher <> - plugin  has been added successfully
45 [140210091689856] INFO perfrun.launcher <> - plugin  has been added successfully
45 [140210091689856] INFO perfrun.launcher <> - plugin  has been added successfully
45 [140210091689856] INFO perfrun.launcher <> - plugin  has been added successfully
45 [140210091689856] INFO perfrun.launcher <> - plugin  has been added successfully
45 [140210091689856] INFO perfrun.launcher <> - plugin  has been added successfully
45 [140210091689856] INFO perfrun.launcher <> - the option was added --interval: Specify an interval of data collection (for example, sampling) in milliseconds.
47 [140210091689856] INFO perfrun.launcher <> - the option was added --follow-child: Profile process with or without children.
47 [140210091689856] INFO perfrun.launcher <> - the option was added --gelding: BADMSG: perfrun1.launcher.plugin_manager::gelding
47 [140210091689856] INFO perfrun.launcher <> - the option was added --time-source: Specify time source for measurement. Possible values: sys - wall clock time; tsc - time stamp counter; ext - time from an external source; auto - auto select accurate time source.
47 [140210091689856] INFO perfrun.launcher <> - the option was added --stack: Enable or disable collection of stacks.
47 [140210091689856] INFO perfrun.launcher <> - the option was added --stack-stitching: Enable or disable the stack stitching algorithm for Intel TBB-based applications.
47 [140210091689856] INFO perfrun.launcher <> - the option was added --type: Specify type of data to be collected. For example, --type cpu:counters,waiting:nostack,io.
47 [140210091689856] INFO perfrun.launcher <> - the option was added --mrte-mode: Specify Java/.NET/other managed runtime collection mode. Possible values: native - collect information only for native code; managed - collect information only for managed code; mixed - collect information for both managed and native code; auto - choose the mode based on binary type.
47 [140210091689856] INFO perfrun.launcher <> - the option was added --mrte-mode-list: List supported Java/.NET/other managed runtime collection modes.
47 [140210091689856] INFO perfrun.launcher <> - the option was added --mrte-type: Specify which managed runtimes to collect. Possible values: java - collect information for Java; dotnet - collect information for .NET; python - collect information for CPython. You can specify several values separated by comma.
47 [140210091689856] INFO perfrun.launcher <> - the option was added --mrte-type-list: List supported Java/.NET/other managed runtime types.
47 [140210091689856] INFO perfrun.launcher <> - the option was added --trace-strategy: Specify how to profile a process tree. <string> can be "<process>:trace:notrace" - profile the process but do not profile its children. Shorthand parameters: t - trace, nt - notrace. For example, "vtunedemo.exe:t:t".
47 [140210091689856] INFO perfrun.launcher <> - the option was added --collector: BADMSG: perfrun1.launcher.plugin_manager::collector
47 [140210091689856] INFO perfrun.launcher <> - the option was added --system-wide: Enable system-wide profiling. This mode may require additional permissions.
47 [140210091689856] INFO perfrun.launcher <> - the option was added --kvm-guest: Enable KVM guest OS profiling.
47 [140210091689856] INFO perfrun.launcher <> - the option was added --kvm-guest-kallsyms: Specify a local path to the /proc/kallsyms file copied from the guest OS for proper symbol resolution.
47 [140210091689856] INFO perfrun.launcher <> - the option was added --kvm-guest-modules: Specify a local path to the /proc/modules file copied from the guest OS for proper symbol resolution.
47 [140210091689856] INFO perfrun.launcher <> - the option was added --bandwidth-limits: Measure bandwidth limits
47 [140210091689856] INFO perfrun.launcher <> - the option was added --bandwidth-strategy: Bandwidth limits determination specific properties (example: --bandwidth-strategy array-size=0,duration=500).
47 [140210091689856] INFO perfrun.launcher <> - the option was added --bandwidth-config: List of benchmarks to run.
47 [140210091689856] INFO perfrun.launcher <> - the option was added --dump-vdso: Dump [vdso] to result directory
47 [140210091689856] INFO perfrun.launcher <> - the option was added --system-collector-config: Specify subcollectors. Possible values: all, container, device-info, none. Specify subcollectors. Possible values: all, vdso.
47 [140210091689856] INFO perfrun.launcher <> - the option was added --itt-config: Specify a sub-set of ITT API to collect.
47 [140210091689856] INFO perfrun.launcher <> - the option was added --itt-debug: Set pseudo-breakpoint at ITT API collector's start to enable the debugger to attach early.
47 [140210091689856] INFO perfrun.launcher <> - the option was added --gpu-config: Specify types of GPU data to be collected. Possible values: preset1, preset2.
47 [140210091689856] INFO perfrun.launcher <> - the option was added --gpu-debug: Enable self-testing of the GPGPU profiling collector.
47 [140210091689856] INFO perfrun.launcher <> - the option was added --gpu-counting: Collect GPU data in the counting mode.
47 [140210091689856] INFO perfrun.launcher <> - the option was added --stackwalk: Specify stack unwinding method. Possible values: online - unwind stacks during collection; offline - unwind stacks after collection is finished.
47 [140210091689856] INFO perfrun.launcher <> - the option was added --filter-include: Filter data during collection. Possible values: contended=<on|off> - filter out uncontended events; contended_nostack=<time> - filter out stacks for contended events that take less than <time> microseconds; wait=<time> - ignore transitions and blocks with wait time less than <time> microseconds; wait_nostack=<time> - filter out stacks for waits that take less than <time> microseconds.
47 [140210091689856] INFO perfrun.launcher <> - the option was added --debug-pin: Debug PIN tool and runtime.
47 [140210091689856] INFO perfrun.launcher <> - the option was added --debug-exception: Disallow the application to set own abnormal termination handler.
47 [140210091689856] INFO perfrun.launcher <> - the option was added --trace-type: Specify the trace file granularity. Possible values: per-thread - per-thread trace file generation; per-process - per-process trace file generation.
48 [140210091689856] INFO perfrun.launcher <> - the option was added --instrumentation-type: Specify type of instrumentation.
48 [140210091689856] INFO perfrun.launcher <> - the option was added --altstack: Enable or disable usage of altstacks for profiling signal handlers.
48 [140210091689856] INFO perfrun.launcher <> - the option was added --profiling-signal: Alternate profiling signal.
48 [140210091689856] INFO perfrun.launcher <> - the option was added --memory-strategy: Specify a minimal memory object size to be traced and a hash table size for faster objects search; for example: --memory-strategy obj-size-min=1024,hash-table-size=4096.
48 [140210091689856] INFO perfrun.launcher <> - the option was added --gpu-profiling-type: Specify a type of deep GPU profiling: none, bblatency, memlatency, instcount.
48 [140210091689856] INFO perfrun.launcher <> - the option was added --opencl-trace-mode: Specify OpenCL kernel tracing modes: 'default' to trace OpenCL kernels for Intel Graphics Driver only; 'epoch' for any non-Intel graphics, where OpenCL kernels will be traced and OpenCL profiling API timestamps will be interpreted as Unux Epoch time in nanoseconds; 'completion' to trace OpenCL kernels for any Graphics Driver and bind OpenCL profiling API timestamps to the timestamp of OpenCL completion callback.
48 [140210091689856] INFO perfrun.launcher <> - the option was added --gpu-kernels-to-profile: Specify a comma-separated list of GPU kernel names and invocations to be profiled in the following format: kernel_name[#start_idx#step#stop_idx], where kernel_name is the name of GPU kernel; start_idx is the number of the first invocation; and stop_idx is the number of the last invocation to be profiled.
49 [140210091689856] INFO perfrun.launcher <> - create msngr2::ICliToolContext
50 [140210091689856] INFO perfrun.launcher <> - create file finder object
50 [140210091689856] INFO perfrun.launcher <> - create a result directory: pattern = /home/djv78/Documents/GitHub/CS374Work/lab5/lab5/e000/hs000 pid = 4294967295
59 [140210091689856] INFO perfrun.sdk <> - checked that the directory /home/djv78/Documents/GitHub/CS374Work/lab5/lab5/e000/hs000 is a local directory
59 [140210091689856] INFO perfrun.sdk <> - the directory /home/djv78/Documents/GitHub/CS374Work/lab5/lab5/e000/hs000 is located on a share or its FS ID is unknown 26985
59 [140210091689856] INFO perfrun.sdk <> - checked that the directory /tmp/advixe-tmp-djv78 is a local directory
59 [140210091689856] INFO perfrun.sdk <> - the directory /tmp/advixe-tmp-djv78 is a local directory with FS type ID 16914836
59 [140210091689856] INFO perfrun.launcher <> - Create a local result directory /tmp/advixe-tmp-djv78/advixe-res-29701-9648080565762 due to the user result path /home/djv78/Documents/GitHub/CS374Work/lab5/lab5/e000/hs000 is located on a share
59 [140210091689856] INFO perfrun.launcher <> - create data directory = /tmp/advixe-tmp-djv78/advixe-res-29701-9648080565762/data.0
61 [140210091689856] INFO perfrun.launcher <> - create data directory = /home/djv78/Documents/GitHub/CS374Work/lab5/lab5/e000/hs000/data.0
65 [140210091689856] INFO perfrun.launcher <> - Creating the master collection flag
72 [140210091689856] INFO perfrun.launcher <> - Done creating the master collection flag
73 [140210073749248] INFO perfrun.launcher <> - plugin [remoteplug] was disabled because it doesn't support the given collection type.
77 [140210073749248] INFO perfrun.sdk <> - Allocating TMU :/tmp/advixe-tmp-djv78/advixe-res-29701-9648080565762/data.0/systemcollector-29701-maroon18.sc
77 [140210073749248] INFO perfrun.launcher <> - plugin [] was disabled because it doesn't support the given collection type.
77 [140210073749248] INFO perfrun.launcher <> - plugin [gpu] was disabled because it doesn't support the given collection type.
77 [140210073749248] INFO perfrun.launcher <> - plugin [] was disabled because it doesn't support the given collection type.
77 [140210073749248] INFO perfrun.launcher <> - plugin [] was disabled because it doesn't support the given collection type.
79 [140210073749248] INFO perfrun.launcher <> - plugin [] was disabled because it doesn't support the given collection type.
79 [140210073749248] INFO perfrun.mrte <> - system-wide mode is 0
79 [140210073749248] INFO perfrun.mrte <> - Getting  mrte profiling environment ...
90 [140210073749248] INFO perfrun.mrte <> - INTEL_MRTE_DATA_DIR=/tmp/advixe-tmp-djv78/advixe-res-29701-9648080565762/data.0
90 [140210073749248] INFO perfrun.mrte <> - INTEL_MRTE_HOST_NAME=maroon18
90 [140210073749248] INFO perfrun.mrte <> - Data directory: /tmp/advixe-tmp-djv78/advixe-res-29701-9648080565762/data.0
90 [140210073749248] INFO perfrun.mrte <> - Mrte plugin is initialized
90 [140210073749248] INFO perfrun.launcher <> - plugin [] was disabled because it doesn't support the given collection type.
90 [140210073749248] INFO perfrun.launcher <> - plugin [] was disabled because it doesn't support the given collection type.
90 [140210073749248] INFO perfrun.launcher <> - plugin [] was disabled because it doesn't support the given collection type.
90 [140210073749248] INFO perfrun.launcher <> - plugin [] was disabled because it doesn't support the given collection type.
90 [140210073749248] INFO perfrun.launcher <> - plugin [] was disabled because it doesn't support the given collection type.
91 [140210073749248] INFO perfrun.launcher <> - plugin [] was disabled because it doesn't support the given collection type.
91 [140210073749248] INFO perfrun.launcher <> - plugin [] was disabled because it doesn't support the given collection type.
91 [140210073749248] INFO perfrun.tpss <> - initialize tpss controller
91 [140210073749248] INFO perfrun.tpss <> - configure collection mode: value = cpu:stack
91 [140210073749248] INFO perfrun.tpss <> - default obj-size-min=1024
91 [140210073749248] INFO perfrun.tpss <> - default hash-table-size=0
109 [140210073749248] INFO perfrun.launcher <> - plugin [] was disabled because it doesn't support the given collection type.
109 [140210073749248] INFO perfrun.launcher <> - plugin [] was disabled because it doesn't support the given collection type.
109 [140210073749248] INFO perfrun.launcher <> - plugin [] was disabled because it doesn't support the given collection type.
109 [140210073749248] INFO perfrun.launcher <> - plugin [] was disabled because it doesn't support the given collection type.
109 [140210073749248] INFO perfrun.launcher <> - plugin [] was disabled because it doesn't support the given collection type.
109 [140210073749248] INFO perfrun.launcher <> - plugin [] was disabled because it doesn't support the given collection type.
109 [140210073749248] INFO perfrun.launcher <> - plugin [] was disabled because it doesn't support the given collection type.
109 [140210073749248] INFO perfrun.launcher <> - plugin [] was disabled because it doesn't support the given collection type.
109 [140210073749248] INFO perfrun.launcher <> - plugin [] was disabled because it doesn't support the given collection type.
109 [140210073749248] INFO perfrun.launcher <> - plugin [] was disabled because it doesn't support the given collection type.
109 [140210091689856] INFO perfrun.launcher <> - set environment variable: LD_LIBRARY_PATH = /opt/intel/advisor_2020.3.0.607294/lib32/runtime:/opt/intel/advisor_2020.3.0.607294/lib64/runtime:/usr/local/cuda/lib64:
109 [140210091689856] INFO perfrun.launcher <> - set environment variable: INTEL_LIBITTNOTIFY32 = /opt/intel/advisor_2020.3.0.607294/lib32/runtime/libittnotify_collector.so
111 [140210091689856] INFO perfrun.launcher <> - set environment variable: INTEL_LIBITTNOTIFY64 = /opt/intel/advisor_2020.3.0.607294/lib64/runtime/libittnotify_collector.so
111 [140210091689856] INFO perfrun.launcher <> - set environment variable: INTEL_ITTNOTIFY_GROUPS = 
111 [140210091689856] INFO perfrun.launcher <> - set environment variable: INTEL_JIT_PROFILER32 = /opt/intel/advisor_2020.3.0.607294/lib32/runtime/libittnotify_collector.so
111 [140210091689856] INFO perfrun.launcher <> - set environment variable: INTEL_JIT_PROFILER64 = /opt/intel/advisor_2020.3.0.607294/lib64/runtime/libittnotify_collector.so
111 [140210091689856] INFO perfrun.launcher <> - set environment variable: VS_PROFILER = libittnotify_collector.so
111 [140210091689856] INFO perfrun.launcher <> - set environment variable: ENABLE_JITPROFILING = 1
111 [140210091689856] INFO perfrun.launcher <> - set environment variable: CL_CONFIG_USE_VTUNE = True
111 [140210091689856] INFO perfrun.launcher <> - set environment variable: __OCL_MIC_INTEL_LIBITTNOTIFY64 = /amplxe/results/libittnotify_collector.so
111 [140210091689856] INFO perfrun.launcher <> - set environment variable: __OCL_MIC_INTEL_JIT_PROFILER64 = /amplxe/results/libittnotify_collector.so
111 [140210091689856] INFO perfrun.launcher <> - set environment variable: KMP_FORKJOIN_FRAMES = 0
111 [140210091689856] INFO perfrun.launcher <> - set environment variable: KMP_FORKJOIN_FRAMES_MODE = 0
111 [140210091689856] INFO perfrun.launcher <> - set environment variable: OMP_TOOL = disabled
111 [140210091689856] INFO perfrun.launcher <> - set environment variable: INTEL_MRTE_DATA_DIR = /tmp/advixe-tmp-djv78/advixe-res-29701-9648080565762/data.0
111 [140210091689856] INFO perfrun.launcher <> - set environment variable: INTEL_MRTE_HOST_NAME = maroon18
111 [140210091689856] INFO perfrun.launcher <> - RpcServer: run RPC server to handle requests
114 [140210091689856] INFO perfrun.launcher <> - Launcher: command line to start before modification = /home/djv78/Documents/GitHub/CS374Work/lab5/calcPI 1000000000
114 [140210091689856] INFO perfrun.launcher <> - Launcher: command line to start after modification = /opt/intel/advisor_2020.3.0.607294/bin64/pin -error_file /tmp/advixe-tmp-djv78/advixe-res-29701-9648080565762/data.0/pinerr.tpsslog -detach_reattach -follow_execv -tool_load_option deepbind -t64 /opt/intel/advisor_2020.3.0.607294/lib64/libtpsstool.so -t /opt/intel/advisor_2020.3.0.607294/lib32/libtpsstool.so -server_name tpss_ipc.29701 -prd_dir /opt/intel/advisor_2020.3.0.607294 -- /home/djv78/Documents/GitHub/CS374Work/lab5/calcPI 1000000000
116 [140210091689856] INFO perfrun.launcher <> - ProcessCreator object was created
116 [140210091689856] INFO perfrun.launcher <> - Launcher: the process was started in suspend mode
118 [140210073749248] WARN perfrun.system <> - Could not do anything with /sys/kernel/debug/kvm: boost::filesystem::status: Permission denied: "/sys/kernel/debug/kvm", at file: vcs/perfrun1/plugins/system/src/trace_writer.cpp:774
119 [140210073749248] WARN perfrun.system <> - File "/var/run/libvirt/qemu/driver.xml" doesn't exist, at file: vcs/perfrun1/plugins/system/src/trace_writer.cpp:879
119 [140210073749248] WARN perfrun.sdk <> - Failed to find xl binary on any of the system paths: /bin, /sbin, /usr/bin, /usr/sbin., at file: vcs/perfrun1/sdk/src/utils.cpp:199
125 [140210073749248] INFO perfrun.vdso <> - Helper runtool '/opt/intel/advisor_2020.3.0.607294/bin32/advixe-runss -dump-vdso -r /tmp/advixe-tmp-djv78/advixe-res-29701-9648080565762 --tmp-dir /tmp/advixe-tmp-djv78' returned 1
169 [140210073749248] INFO perfrun.vdso <> - Helper runtool '/opt/intel/advisor_2020.3.0.607294/bin64/advixe-runss -dump-vdso -r /tmp/advixe-tmp-djv78/advixe-res-29701-9648080565762 --tmp-dir /tmp/advixe-tmp-djv78' returned 0
169 [140210073749248] INFO perfrun.itt <> - start itt controller for pid #29713
169 [140210073749248] INFO perfrun.tpss <> - start tpss controller for pid #29713
219 [140210091689856] INFO perfrun.launcher <> - Launcher: all plugins were started
219 [140210091689856] INFO perfrun.launcher <> - DirectoryMonitor object was created
219 [140210091689856] INFO perfrun.launcher <> - DirectoryMonitor: a callback was added
219 [140210091689856] INFO perfrun.launcher <> - DirectoryMonitor was started with pingTime = 1000
219 [140210091689856] INFO perfrun.launcher <> - DeadlineTimer is going to be constructed
220 [140210091689856] INFO perfrun.launcher <> - DeadlineTimer: a callback was added
234 [140210091689856] INFO perfrun.launcher <> - Launcher: resume the profiled application and  wait its termination or stop command
5561 [140210091689856] INFO perfrun.launcher <> - Launcher: the profiled application was terminated  with exit code = 0
5596 [140210073749248] WARN perfrun.system <> - Only 2 usec accuracy achieved for reference point, at file: vcs/perfrun1/plugins/system/src/trace_writer.cpp:334
5601 [140210073749248] INFO perfrun.itt <> - stop itt controller
5601 [140210073749248] INFO perfrun.itt <> - detach itt controller
5601 [140210073749248] INFO perfrun.tpss <> - stop tpss controller
5602 [140210073749248] INFO perfrun.sdk <> - De-allocating TMU: /tmp/advixe-tmp-djv78/advixe-res-29701-9648080565762/data.0/systemcollector-29701-maroon18.sc
5604 [140210073749248] INFO perfrun.system <> - closed the system trace file: /tmp/advixe-tmp-djv78/advixe-res-29701-9648080565762/data.0/systemcollector-29701-maroon18.sc
5604 [140210091689856] INFO perfrun.launcher <> - Launcher: all plugins were stopped.
5606 [140210091689856] INFO perfrun.launcher <> - DeadlineTimer is going to be destroyed
5606 [140210091689856] INFO perfrun.launcher <> - DeadlineTimer was destroyed
5606 [140210091689856] INFO perfrun.launcher <> - DirectoryMonitor object was destroyed
5606 [140210091689856] WARN perfrun.launcher <> - Stop command is ignored because it is received when collection is already stopped, at file: vcs/perfrun1/launcher/src/command_handler.cpp:212
5670 [140210091689856] INFO perfrun.launcher <> - Application exit code: 0
5670 [140210091689856] INFO perfrun.launcher <> - Exit code: 0
