
Process 0 is checking the circuit...

Process 1 is checking the circuit...

Process 3 is checking the circuit...

Process 5 is checking the circuit...

Process 2 is checking the circuit...

Process 4 is checking the circuit...

Process 6 is checking the circuit...

Process 7 is checking the circuit...

Process 30 is checking the circuit...

Process 26 is checking the circuit...

Process 21 is checking the circuit...

Process 13 is checking the circuit...

Process 24 is checking the circuit...

Process 22 is checking the circuit...

Process 9 is checking the circuit...

Process 25 is checking the circuit...

Process 16 is checking the circuit...

Process 10 is checking the circuit...

Process 27 is checking the circuit...

Process 18 is checking the circuit...

Process 14 is checking the circuit...

Process 29 is checking the circuit...

Process 19 is checking the circuit...

Process 15 is checking the circuit...

Process 31 is checking the circuit...

Process 20 is checking the circuit...

Process 8 is checking the circuit...


Process 17 is checking the circuit...

Process 12 is checking the circuit...


Process 28 is checking the circuit...
Process 11 is checking the circuit...
Process 23 is checking the circuit...
21) 10011001111101011001100111110101 
21) 10011001111101011001101111110101 
21) 10011001111101011001110111110101 
21) 10011001111101101001100111110101 
21) 10011001111101101001101111110101 
21) 10011001111101101001110111110101 
21) 10011001111101111001100111110101 
21) 10011001111101111001101111110101 
21) 10011001111101111001110111110101 
23) 10011001111101011001100111110111 
23) 10011001111101011001101111110111 
23) 10011001111101011001110111110111 
23) 10011001111101101001100111110111 
23) 10011001111101101001101111110111 
23) 10011001111101101001110111110111 
23) 10011001111101111001100111110111 
23) 10011001111101111001101111110111 
23) 10011001111101111001110111110111 
21) 10011011111101011001100111110101 
21) 10011011111101011001101111110101 
21) 10011011111101011001110111110101 
21) 10011011111101101001100111110101 
21) 10011011111101101001101111110101 
21) 10011011111101101001110111110101 
21) 10011011111101111001100111110101 
21) 10011011111101111001101111110101 
21) 10011011111101111001110111110101 
22) 10011001111101011001100111110110 
22) 10011001111101011001101111110110 
22) 10011001111101011001110111110110 
22) 10011001111101101001100111110110 
22) 10011001111101101001101111110110 
22) 10011001111101101001110111110110 
22) 10011001111101111001100111110110 
22) 10011001111101111001101111110110 
22) 10011001111101111001110111110110 
23) 10011011111101011001100111110111 
23) 10011011111101011001101111110111 
23) 10011011111101011001110111110111 
23) 10011011111101101001100111110111 
23) 10011011111101101001101111110111 
23) 10011011111101101001110111110111 
23) 10011011111101111001100111110111 
23) 10011011111101111001101111110111 
23) 10011011111101111001110111110111 
21) 10011101111101011001100111110101 
21) 10011101111101011001101111110101 
21) 10011101111101011001110111110101 
21) 10011101111101101001100111110101 
21) 10011101111101101001101111110101 
21) 10011101111101101001110111110101 
21) 10011101111101111001100111110101 
21) 10011101111101111001101111110101 
21) 10011101111101111001110111110101 
22) 10011011111101011001100111110110 
22) 10011011111101011001101111110110 
22) 10011011111101011001110111110110 
22) 10011011111101101001100111110110 
22) 10011011111101101001101111110110 
22) 10011011111101101001110111110110 
22) 10011011111101111001100111110110 
22) 10011011111101111001101111110110 
22) 10011011111101111001110111110110 
23) 10011101111101011001100111110111 
23) 10011101111101011001101111110111 
23) 10011101111101011001110111110111 
23) 10011101111101101001100111110111 
23) 10011101111101101001101111110111 
23) 10011101111101101001110111110111 
23) 10011101111101111001100111110111 
23) 10011101111101111001101111110111 
23) 10011101111101111001110111110111 
22) 10011101111101011001100111110110 
22) 10011101111101011001101111110110 
22) 10011101111101011001110111110110 
22) 10011101111101101001100111110110 
22) 10011101111101101001101111110110 
22) 10011101111101101001110111110110 
22) 10011101111101111001100111110110 
22) 10011101111101111001101111110110 
22) 10011101111101111001110111110110 
Process 1 finished in time 9.139065 secs.
Process 25 finished in time 9.142499 secs.
Process 9 finished in time 9.157781 secs.
Process 17 finished in time 9.161836 secs.
Process 13 finished in time 9.177817 secs.
Process 5 finished in time 9.224615 secs.
Process 7 finished in time 9.643447 secs.
Process 4 finished in time 9.644447 secs.
Process 6 finished in time 9.644448 secs.
Process 21 finished in time 9.687036 secs.
Process 23 finished in time 9.788961 secs.
Process 22 finished in time 9.850823 secs.
Process 20 finished in time 9.850759 secs.
Process 26 finished in time 10.480930 secs.
Process 27 finished in time 10.480879 secs.
Process 11 finished in time 10.523134 secs.
Process 10 finished in time 10.523734 secs.
Process 30 finished in time 10.556214 secs.
Process 31 finished in time 10.556111 secs.
Process 15 finished in time 10.600274 secs.
Process 12 finished in time 10.600267 secs.
Process 14 finished in time 10.600293 secs.
Process 8 finished in time 10.600612 secs.
Process 18 finished in time 10.656882 secs.
Process 19 finished in time 10.656852 secs.
Process 28 finished in time 10.664533 secs.
Process 29 finished in time 10.665069 secs.
Process 24 finished in time 10.665542 secs.
Process 16 finished in time 10.665907 secs.
Process 3 finished in time 10.687315 secs.
Process 0 finished in time 10.687340 secs.

A total of 81 solutions were found.

Found all solutions in 10.687340 secs
Process 2 finished in time 10.687308 secs.
