<?xml version="1.0" encoding="utf-8"?>
<log version="1.0" tool="runtool">

<msg id="1" tool="runtool">
  <type>log-start</type>
  <arg>2021/10/11 13:54:57</arg>
</msg>
<msg id="2" tool="runtool">
  <type>collector-starts</type>
</msg>
<msg id="3" tool="runtool">
  <type>marker-file</type>
  <arg>/home/djv78/Documents/GitHub/CS374Work/lab5/lab5/e000/dp000/dp000.advixe</arg>
</msg>
<msg id="4" tool="tc">
  <type>START</type>
  <severity>INFO</severity>
  <timestamp>Mon Oct 11 13:54:57 2021</timestamp>
</msg>
<msg id="5" tool="tc">
  <type>EXEC_OF_INTEREST</type>
  <arg>/home/djv78/Documents/GitHub/CS374Work/lab5/calcPI</arg>
  <arg>25249</arg>
  <severity>INFO</severity>
  <timestamp>Mon Oct 11 13:54:57 2021</timestamp>
</msg>
<msg id="6" tool="tc">
  <type>LOAD_MODULE</type>
  <arg>/home/djv78/Documents/GitHub/CS374Work/lab5/calcPI</arg>
  <arg>0x564cd60ae000</arg>
  <arg>0x564cd60b20cf</arg>
  <arg>2</arg>
  <severity>INFO</severity>
  <timestamp>Mon Oct 11 13:54:57 2021</timestamp>
</msg>
<msg id="7" tool="tc">
  <type>LOAD_MODULE</type>
  <arg>/lib64/ld-linux-x86-64.so.2</arg>
  <arg>0x7f1b9118a000</arg>
  <arg>0x7f1b911b918f</arg>
  <arg>3</arg>
  <severity>INFO</severity>
  <timestamp>Mon Oct 11 13:54:57 2021</timestamp>
</msg>
<msg id="8" tool="tc">
  <type>LOAD_MODULE</type>
  <arg>[vdso]</arg>
  <arg>0x7ffe83dd3000</arg>
  <arg>0x7ffe83dd3fde</arg>
  <arg>4</arg>
  <severity>INFO</severity>
  <timestamp>Mon Oct 11 13:54:57 2021</timestamp>
</msg>
<msg id="9" tool="tc">
  <type>LOAD_MODULE</type>
  <arg>/lib/x86_64-linux-gnu/libm.so.6</arg>
  <arg>0x7f1b7b05c000</arg>
  <arg>0x7f1b7b1aa10f</arg>
  <arg>5</arg>
  <severity>INFO</severity>
  <timestamp>Mon Oct 11 13:54:57 2021</timestamp>
</msg>
<msg id="10" tool="tc">
  <type>LOAD_MODULE</type>
  <arg>/lib/x86_64-linux-gnu/libdl.so.2</arg>
  <arg>0x7f1b7b04f000</arg>
  <arg>0x7f1b7b05410f</arg>
  <arg>6</arg>
  <severity>INFO</severity>
  <timestamp>Mon Oct 11 13:54:57 2021</timestamp>
</msg>
<msg id="11" tool="tc">
  <type>LOAD_MODULE</type>
  <arg>/lib/x86_64-linux-gnu/libmpich.so.12</arg>
  <arg>0x7f1b7acd0000</arg>
  <arg>0x7f1b7b01e91f</arg>
  <arg>7</arg>
  <severity>INFO</severity>
  <timestamp>Mon Oct 11 13:54:57 2021</timestamp>
</msg>
<msg id="12" tool="tc">
  <type>LOAD_MODULE</type>
  <arg>/lib/x86_64-linux-gnu/libc.so.6</arg>
  <arg>0x7f1b7aad5000</arg>
  <arg>0x7f1b7acc64d7</arg>
  <arg>8</arg>
  <severity>INFO</severity>
  <timestamp>Mon Oct 11 13:54:57 2021</timestamp>
</msg>
<msg id="13" tool="tc">
  <type>LOAD_MODULE</type>
  <arg>/lib/x86_64-linux-gnu/libpthread.so.0</arg>
  <arg>0x7f1b7aa6d000</arg>
  <arg>0x7f1b7aa8f477</arg>
  <arg>9</arg>
  <severity>INFO</severity>
  <timestamp>Mon Oct 11 13:54:57 2021</timestamp>
</msg>
<msg id="14" tool="tc">
  <type>LOAD_MODULE</type>
  <arg>/lib/x86_64-linux-gnu/librt.so.1</arg>
  <arg>0x7f1b7aa9f000</arg>
  <arg>0x7f1b7aaa9bdf</arg>
  <arg>10</arg>
  <severity>INFO</severity>
  <timestamp>Mon Oct 11 13:54:57 2021</timestamp>
</msg>
<msg id="15" tool="tc">
  <type>LOAD_MODULE</type>
  <arg>/lib/x86_64-linux-gnu/libgcc_s.so.1</arg>
  <arg>0x7f1b7aa52000</arg>
  <arg>0x7f1b7aa6c447</arg>
  <arg>11</arg>
  <severity>INFO</severity>
  <timestamp>Mon Oct 11 13:54:57 2021</timestamp>
</msg>
<msg id="16" tool="tc">
  <type>LOAD_MODULE</type>
  <arg>/opt/intel/advisor_2020.3.0.607294/lib64/runtime/libittnotify.so</arg>
  <arg>0x7f1b77b65000</arg>
  <arg>0x7f1b77d7165f</arg>
  <arg>12</arg>
  <severity>INFO</severity>
  <timestamp>Mon Oct 11 13:55:00 2021</timestamp>
</msg>
<msg id="17" tool="tc">
  <type>UNLOAD_MODULE</type>
  <arg>/home/djv78/Documents/GitHub/CS374Work/lab5/calcPI</arg>
  <arg>2</arg>
  <severity>INFO</severity>
  <timestamp>Mon Oct 11 13:55:00 2021</timestamp>
</msg>
<msg id="18" tool="tc">
  <type>UNLOAD_MODULE</type>
  <arg>/lib64/ld-linux-x86-64.so.2</arg>
  <arg>3</arg>
  <severity>INFO</severity>
  <timestamp>Mon Oct 11 13:55:00 2021</timestamp>
</msg>
<msg id="19" tool="tc">
  <type>UNLOAD_MODULE</type>
  <arg>[vdso]</arg>
  <arg>4</arg>
  <severity>INFO</severity>
  <timestamp>Mon Oct 11 13:55:00 2021</timestamp>
</msg>
<msg id="20" tool="tc">
  <type>UNLOAD_MODULE</type>
  <arg>/lib/x86_64-linux-gnu/libm.so.6</arg>
  <arg>5</arg>
  <severity>INFO</severity>
  <timestamp>Mon Oct 11 13:55:00 2021</timestamp>
</msg>
<msg id="21" tool="tc">
  <type>UNLOAD_MODULE</type>
  <arg>/lib/x86_64-linux-gnu/libdl.so.2</arg>
  <arg>6</arg>
  <severity>INFO</severity>
  <timestamp>Mon Oct 11 13:55:00 2021</timestamp>
</msg>
<msg id="22" tool="tc">
  <type>UNLOAD_MODULE</type>
  <arg>/lib/x86_64-linux-gnu/libmpich.so.12</arg>
  <arg>7</arg>
  <severity>INFO</severity>
  <timestamp>Mon Oct 11 13:55:00 2021</timestamp>
</msg>
<msg id="23" tool="tc">
  <type>UNLOAD_MODULE</type>
  <arg>/lib/x86_64-linux-gnu/libc.so.6</arg>
  <arg>8</arg>
  <severity>INFO</severity>
  <timestamp>Mon Oct 11 13:55:00 2021</timestamp>
</msg>
<msg id="24" tool="tc">
  <type>UNLOAD_MODULE</type>
  <arg>/lib/x86_64-linux-gnu/libpthread.so.0</arg>
  <arg>9</arg>
  <severity>INFO</severity>
  <timestamp>Mon Oct 11 13:55:00 2021</timestamp>
</msg>
<msg id="25" tool="tc">
  <type>UNLOAD_MODULE</type>
  <arg>/lib/x86_64-linux-gnu/librt.so.1</arg>
  <arg>10</arg>
  <severity>INFO</severity>
  <timestamp>Mon Oct 11 13:55:00 2021</timestamp>
</msg>
<msg id="26" tool="tc">
  <type>UNLOAD_MODULE</type>
  <arg>/lib/x86_64-linux-gnu/libgcc_s.so.1</arg>
  <arg>11</arg>
  <severity>INFO</severity>
  <timestamp>Mon Oct 11 13:55:00 2021</timestamp>
</msg>
<msg id="27" tool="tc">
  <type>UNLOAD_MODULE</type>
  <arg>/opt/intel/advisor_2020.3.0.607294/lib64/runtime/libittnotify.so</arg>
  <arg>12</arg>
  <severity>INFO</severity>
  <timestamp>Mon Oct 11 13:55:00 2021</timestamp>
</msg>
<msg id="28" tool="tc">
  <type>PROCESS_TERMINATE</type>
  <arg>/home/djv78/Documents/GitHub/CS374Work/lab5/calcPI</arg>
  <arg>25249</arg>
  <severity>INFO</severity>
  <timestamp>Mon Oct 11 13:55:00 2021</timestamp>
</msg>
<msg id="29" tool="tc">
  <type>ANALYSIS_COMPLETE</type>
  <severity>INFO</severity>
  <timestamp>Mon Oct 11 13:55:00 2021</timestamp>
</msg>
<msg id="30" tool="tc">
  <type>STOP</type>
  <severity>INFO</severity>
  <timestamp>Mon Oct 11 13:55:00 2021</timestamp>
</msg>
<msg id="31" tool="runtool">
  <type>app-exit-code</type>
  <arg>0</arg>
</msg>
<msg id="32" tool="runtool">
  <type>marker-file</type>
  <arg>/home/djv78/Documents/GitHub/CS374Work/lab5/lab5/e000/dp000/dp000.advixe</arg>
</msg>
<msg id="33" tool="runtool">
  <type>collector-done</type>
</msg>
<msg id="34" tool="runtool">
  <type>log-end</type>
  <arg>2021/10/11 13:55:04</arg>
</msg>

</log>

