<?xml version="1.0" encoding="utf-8" ?>
<!-- DO NOT EDIT THIS FILE -->

<log version='2.0' source='tcet'>
	<!-- Opened annotation file /opt/intel/advisor_2020.3.0.607294/lib64/../config/tc/qt.ant -->
	<!-- Opened annotation file /opt/intel/advisor_2020.3.0.607294/lib64/../config/tc/cpp11.ant -->
	<!-- Opened annotation file /opt/intel/advisor_2020.3.0.607294/lib64/../config/tc/cpp11_atomics.ant -->
	<!-- Opened annotation file /opt/intel/advisor_2020.3.0.607294/lib64/../config/tc/fortran.ant -->
	<!-- Opened annotation file /opt/intel/advisor_2020.3.0.607294/lib64/../config/tc/icl.ant -->
	<!-- Opened annotation file /opt/intel/advisor_2020.3.0.607294/lib64/../config/tc/allocators.ant -->
	<!-- Opened annotation file /opt/intel/advisor_2020.3.0.607294/lib64/../config/tc/userapi.ant -->
	<msg id='1' display='false' source='tccore'>
		<type>START</type>
		<severity>INFO</severity>
		<timestamp>Mon Oct 11 13:54:57 2021</timestamp>
	</msg>
	<!-- Successfully loaded CCRT 13.9.1 at address 0x7f1b8f2ec000 - 0x7f1b8f2f5000 -->
	<!-- Successfully loaded the TC Analysis Core 8.17.2 at address 0x7f1b8ca87000 - 0x7f1b8cabe000 -->
	<!-- Successfully loaded the TC Instrumentation Engine 8.17.2 at address 0x7f1b8f2f5000 - 0x7f1b8f554000 -->
	<!-- Environment: INTEL_LIBITTNOTIFY32=/opt/intel/advisor_2020.3.0.607294/lib32/runtime/libittnotify.so -->
	<!-- Environment: INTEL_LIBITTNOTIFY64=/opt/intel/advisor_2020.3.0.607294/lib64/runtime/libittnotify.so -->
	<!-- Environment: INTEL_JIT_PROFILER32=/opt/intel/advisor_2020.3.0.607294/lib32/libpinjitprofiling.so -->
	<!-- Environment: INTEL_JIT_PROFILER64=/opt/intel/advisor_2020.3.0.607294/lib64/libpinjitprofiling.so -->
	<!-- This is the instance of interest -->
	<msg id='2' source='tcet'>
		<type>EXEC_OF_INTEREST</type>
		<severity>INFO</severity>
		<timestamp>Mon Oct 11 13:54:57 2021</timestamp>
		<arg name='process'>/home/djv78/Documents/GitHub/CS374Work/lab5/calcPI</arg>
		<arg name='pid'>25249</arg>
	</msg>
	<msg id='3' source='tcet'>
		<type>LOAD_MODULE</type>
		<severity>INFO</severity>
		<timestamp>Mon Oct 11 13:54:57 2021</timestamp>
		<arg name='module'>/home/djv78/Documents/GitHub/CS374Work/lab5/calcPI</arg>
		<arg name='basement'>0x564cd60ae000</arg>
		<arg name='ceiling'>0x564cd60b20cf</arg>
		<arg name='id'>2</arg>
	</msg>
	<msg id='4' source='tcet'>
		<type>LOAD_MODULE</type>
		<severity>INFO</severity>
		<timestamp>Mon Oct 11 13:54:57 2021</timestamp>
		<arg name='module'>/lib64/ld-linux-x86-64.so.2</arg>
		<arg name='basement'>0x7f1b9118a000</arg>
		<arg name='ceiling'>0x7f1b911b918f</arg>
		<arg name='id'>3</arg>
	</msg>
	<msg id='5' source='tcet'>
		<type>LOAD_MODULE</type>
		<severity>INFO</severity>
		<timestamp>Mon Oct 11 13:54:57 2021</timestamp>
		<arg name='module'>[vdso]</arg>
		<arg name='basement'>0x7ffe83dd3000</arg>
		<arg name='ceiling'>0x7ffe83dd3fde</arg>
		<arg name='id'>4</arg>
	</msg>
	<msg id='6' source='tcet'>
		<type>LOAD_MODULE</type>
		<severity>INFO</severity>
		<timestamp>Mon Oct 11 13:54:57 2021</timestamp>
		<arg name='module'>/lib/x86_64-linux-gnu/libm.so.6</arg>
		<arg name='basement'>0x7f1b7b05c000</arg>
		<arg name='ceiling'>0x7f1b7b1aa10f</arg>
		<arg name='id'>5</arg>
	</msg>
	<msg id='7' source='tcet'>
		<type>LOAD_MODULE</type>
		<severity>INFO</severity>
		<timestamp>Mon Oct 11 13:54:57 2021</timestamp>
		<arg name='module'>/lib/x86_64-linux-gnu/libdl.so.2</arg>
		<arg name='basement'>0x7f1b7b04f000</arg>
		<arg name='ceiling'>0x7f1b7b05410f</arg>
		<arg name='id'>6</arg>
	</msg>
	<msg id='8' source='tcet'>
		<type>LOAD_MODULE</type>
		<severity>INFO</severity>
		<timestamp>Mon Oct 11 13:54:57 2021</timestamp>
		<arg name='module'>/lib/x86_64-linux-gnu/libmpich.so.12</arg>
		<arg name='basement'>0x7f1b7acd0000</arg>
		<arg name='ceiling'>0x7f1b7b01e91f</arg>
		<arg name='id'>7</arg>
	</msg>
	<msg id='9' source='tcet'>
		<type>LOAD_MODULE</type>
		<severity>INFO</severity>
		<timestamp>Mon Oct 11 13:54:57 2021</timestamp>
		<arg name='module'>/lib/x86_64-linux-gnu/libc.so.6</arg>
		<arg name='basement'>0x7f1b7aad5000</arg>
		<arg name='ceiling'>0x7f1b7acc64d7</arg>
		<arg name='id'>8</arg>
	</msg>
	<msg id='10' source='tcet'>
		<type>LOAD_MODULE</type>
		<severity>INFO</severity>
		<timestamp>Mon Oct 11 13:54:57 2021</timestamp>
		<arg name='module'>/lib/x86_64-linux-gnu/libpthread.so.0</arg>
		<arg name='basement'>0x7f1b7aa6d000</arg>
		<arg name='ceiling'>0x7f1b7aa8f477</arg>
		<arg name='id'>9</arg>
	</msg>
	<msg id='11' source='tcet'>
		<type>LOAD_MODULE</type>
		<severity>INFO</severity>
		<timestamp>Mon Oct 11 13:54:57 2021</timestamp>
		<arg name='module'>/lib/x86_64-linux-gnu/librt.so.1</arg>
		<arg name='basement'>0x7f1b7aa9f000</arg>
		<arg name='ceiling'>0x7f1b7aaa9bdf</arg>
		<arg name='id'>10</arg>
	</msg>
	<msg id='12' source='tcet'>
		<type>LOAD_MODULE</type>
		<severity>INFO</severity>
		<timestamp>Mon Oct 11 13:54:57 2021</timestamp>
		<arg name='module'>/lib/x86_64-linux-gnu/libgcc_s.so.1</arg>
		<arg name='basement'>0x7f1b7aa52000</arg>
		<arg name='ceiling'>0x7f1b7aa6c447</arg>
		<arg name='id'>11</arg>
	</msg>
	<msg id='13' source='tcet'>
		<type>LOAD_MODULE</type>
		<severity>INFO</severity>
		<timestamp>Mon Oct 11 13:55:00 2021</timestamp>
		<arg name='module'>/opt/intel/advisor_2020.3.0.607294/lib64/runtime/libittnotify.so</arg>
		<arg name='basement'>0x7f1b77b65000</arg>
		<arg name='ceiling'>0x7f1b77d7165f</arg>
		<arg name='id'>12</arg>
	</msg>
	<msg id='14' source='tcet'>
		<type>UNLOAD_MODULE</type>
		<severity>INFO</severity>
		<timestamp>Mon Oct 11 13:55:00 2021</timestamp>
		<arg name='module'>/home/djv78/Documents/GitHub/CS374Work/lab5/calcPI</arg>
		<arg name='id'>2</arg>
	</msg>
	<msg id='15' source='tcet'>
		<type>UNLOAD_MODULE</type>
		<severity>INFO</severity>
		<timestamp>Mon Oct 11 13:55:00 2021</timestamp>
		<arg name='module'>/lib64/ld-linux-x86-64.so.2</arg>
		<arg name='id'>3</arg>
	</msg>
	<msg id='16' source='tcet'>
		<type>UNLOAD_MODULE</type>
		<severity>INFO</severity>
		<timestamp>Mon Oct 11 13:55:00 2021</timestamp>
		<arg name='module'>[vdso]</arg>
		<arg name='id'>4</arg>
	</msg>
	<msg id='17' source='tcet'>
		<type>UNLOAD_MODULE</type>
		<severity>INFO</severity>
		<timestamp>Mon Oct 11 13:55:00 2021</timestamp>
		<arg name='module'>/lib/x86_64-linux-gnu/libm.so.6</arg>
		<arg name='id'>5</arg>
	</msg>
	<msg id='18' source='tcet'>
		<type>UNLOAD_MODULE</type>
		<severity>INFO</severity>
		<timestamp>Mon Oct 11 13:55:00 2021</timestamp>
		<arg name='module'>/lib/x86_64-linux-gnu/libdl.so.2</arg>
		<arg name='id'>6</arg>
	</msg>
	<msg id='19' source='tcet'>
		<type>UNLOAD_MODULE</type>
		<severity>INFO</severity>
		<timestamp>Mon Oct 11 13:55:00 2021</timestamp>
		<arg name='module'>/lib/x86_64-linux-gnu/libmpich.so.12</arg>
		<arg name='id'>7</arg>
	</msg>
	<msg id='20' source='tcet'>
		<type>UNLOAD_MODULE</type>
		<severity>INFO</severity>
		<timestamp>Mon Oct 11 13:55:00 2021</timestamp>
		<arg name='module'>/lib/x86_64-linux-gnu/libc.so.6</arg>
		<arg name='id'>8</arg>
	</msg>
	<msg id='21' source='tcet'>
		<type>UNLOAD_MODULE</type>
		<severity>INFO</severity>
		<timestamp>Mon Oct 11 13:55:00 2021</timestamp>
		<arg name='module'>/lib/x86_64-linux-gnu/libpthread.so.0</arg>
		<arg name='id'>9</arg>
	</msg>
	<msg id='22' source='tcet'>
		<type>UNLOAD_MODULE</type>
		<severity>INFO</severity>
		<timestamp>Mon Oct 11 13:55:00 2021</timestamp>
		<arg name='module'>/lib/x86_64-linux-gnu/librt.so.1</arg>
		<arg name='id'>10</arg>
	</msg>
	<msg id='23' source='tcet'>
		<type>UNLOAD_MODULE</type>
		<severity>INFO</severity>
		<timestamp>Mon Oct 11 13:55:00 2021</timestamp>
		<arg name='module'>/lib/x86_64-linux-gnu/libgcc_s.so.1</arg>
		<arg name='id'>11</arg>
	</msg>
	<msg id='24' source='tcet'>
		<type>UNLOAD_MODULE</type>
		<severity>INFO</severity>
		<timestamp>Mon Oct 11 13:55:00 2021</timestamp>
		<arg name='module'>/opt/intel/advisor_2020.3.0.607294/lib64/runtime/libittnotify.so</arg>
		<arg name='id'>12</arg>
	</msg>
	<msg id='25' source='tcet'>
		<type>PROCESS_TERMINATE</type>
		<severity>INFO</severity>
		<timestamp>Mon Oct 11 13:55:00 2021</timestamp>
		<arg name='process'>/home/djv78/Documents/GitHub/CS374Work/lab5/calcPI</arg>
		<arg name='pid'>25249</arg>
	</msg>
	<msg id='26' display='false' source='tccore'>
		<type>ANALYSIS_COMPLETE</type>
		<severity>INFO</severity>
		<timestamp>Mon Oct 11 13:55:00 2021</timestamp>
	</msg>
	<msg id='27' display='false' source='tccore'>
		<type>STOP</type>
		<severity>INFO</severity>
		<timestamp>Mon Oct 11 13:55:00 2021</timestamp>
	</msg>
</log>