Collection status has changed. 1
Collection has been started.
Collection has stopped. Application exit code:  0
Finalizing results
Finalizing the result
Clearing the database
The database has been cleared, elapsed time is 0.352 seconds.
Loading raw data to the database
Loading 'systemcollector-24958-maroon33.sc' file
Loading '24958-24970.0.trace' file
Loading 'userapicollector-24970-4b1794f2.trace' file
Updating precomputed scalar metrics
Raw data has been loaded to the database, elapsed time is 0.381 seconds.
Processing profile metrics and debug information
Data transformations have been finished, elapsed time is 0.000 seconds.
Setting data model parameters
Resolving module symbols
Resolving information for `libc-dynamic.so'
Resolving information for `calcPI'
Resolving information for `libtpsstool.so'
Resolving information for `pinbin'
Warning: Cannot locate debugging information for file `/opt/intel/advisor_2020.3.0.607294/lib64/libtpsstool.so'.
Resolving bottom user stack information
Resolving thread name information
Resolving call target names for dynamic code
Symbol resolution has been finished, elapsed time is 0.111 seconds.
Processing profile metrics and debug information
Deferred data transformations have been finished, elapsed time is 0.036 seconds.
Setting data model parameters
Data model parameters have been set, elapsed time is 0.052 seconds.
Precomputing frequently used data
Precomputing frequently used data
Updating precomputed scalar metrics
Precomputing frequently used data has been finished, elapsed time is 0.205 seconds.
Discarding redundant overtime data
Saving the result
Redundant overtime data has been discarded, elapsed time is 0.010 seconds.
Raw collector data has been discarded, elapsed time is 0.000 seconds.
Finalizing the result took 1.191 seconds.
Preparing data for display of survey call tree
Resolving module symbols
Resolving information for dangling locations
Resolving bottom user stack information
Resolving thread name information
Resolving call target names for dynamic code
Precomputing frequently used data
